mysql: [Warning] Using a password on the command line interface can be insecure.
+---------------------------------------+-----------------+
| check_item                            | matched_columns |
+---------------------------------------+-----------------+
| ai_resume_screen_result.screen_status |               1 |
+---------------------------------------+-----------------+
+------------------------------------------+-----------------+
| check_item                               | matched_columns |
+------------------------------------------+-----------------+
| ai_question_generate_record.interview_id |               1 |
+------------------------------------------+-----------------+
+-----------------------------------------------+-----------------+
| check_item                                    | matched_columns |
+-----------------------------------------------+-----------------+
| ai_question_generate_record.resume_section_id |               1 |
+-----------------------------------------------+-----------------+
+-------------------------------------------------+-----------------+
| check_item                                      | matched_columns |
+-------------------------------------------------+-----------------+
| ai_question_generate_record.input_snapshot_hash |               1 |
+-------------------------------------------------+-----------------+
+------------------------------------------+-----------------+
| check_item                               | matched_columns |
+------------------------------------------+-----------------+
| interview_export_task.export_type(0/1/2) |               1 |
+------------------------------------------+-----------------+
+--------------------------------+-----------------+
| check_item                     | matched_columns |
+--------------------------------+-----------------+
| interview_export_task.job_code |               1 |
+--------------------------------+-----------------+
+---------------------------------+-----------------+
| check_item                      | matched_columns |
+---------------------------------+-----------------+
| interview_export_task.file_hash |               1 |
+---------------------------------+-----------------+
+-----------------+------------+
| dict_type       | item_count |
+-----------------+------------+
| export_type     |          3 |
| recommend_level |          3 |
| review_status   |          3 |
| screen_status   |          4 |
+-----------------+------------+
+-----------+-------------+
| dict_code | dict_name   |
+-----------+-------------+
| 0         | 筛选Excel |
| 1         | 成绩Excel |
| 2         | 面试Word  |
+-----------+-------------+
